<?xml version="1.0" encoding="UTF-8"?>
<!-- Generated by org.testng.reporters.JUnitReportReporter -->
<testsuite hostname="LAPTOP-9BI5PNMM" failures="0" tests="2" name="TestCases.Login" time="0.026" errors="0" timestamp="2021-08-10T10:46:09 EDT" skipped="0">
  <testcase classname="TestCases.Login" name="logout" time="0.007"/>
  <testcase classname="TestCases.Login" name="login" time="0.019"/>
</testsuite> <!-- TestCases.Login -->
