<?xml version="1.0" encoding="UTF-8"?>
<!-- Generated by org.testng.reporters.JUnitReportReporter -->
<testsuite hostname="LAPTOP-9BI5PNMM" failures="0" tests="6" name="TestCases.NewTest" time="0.072" errors="0" timestamp="2021-08-10T10:16:34 EDT" skipped="0">
  <testcase classname="TestCases.NewTest" name="loginUser" time="0.006"/>
  <testcase classname="TestCases.NewTest" name="loginUser" time="0.043"/>
  <testcase classname="TestCases.NewTest" name="loginUser" time="0.006"/>
  <testcase classname="TestCases.NewTest" name="deleteUser" time="0.008"/>
  <testcase classname="TestCases.NewTest" name="deleteUser" time="0.005"/>
  <testcase classname="TestCases.NewTest" name="deleteUser" time="0.004"/>
</testsuite> <!-- TestCases.NewTest -->
