<?xml version="1.0" encoding="UTF-8"?>
<!-- Generated by org.testng.reporters.JUnitReportReporter -->
<testsuite hostname="LAPTOP-9BI5PNMM" failures="0" tests="3" name="TestCases.SearchAndBuyItemTest" time="0.037" errors="0" timestamp="2021-08-04T17:12:26 EDT" skipped="0">
  <testcase classname="TestCases.SearchAndBuyItemTest" name="searchItem" time="0.024"/>
  <testcase classname="TestCases.SearchAndBuyItemTest" name="selectItem" time="0.003"/>
  <testcase classname="TestCases.SearchAndBuyItemTest" name="checkoutItem" time="0.010"/>
</testsuite> <!-- TestCases.SearchAndBuyItemTest -->
